<?xml version="1.0" encoding="utf-8"?><testsuites name="pytest tests"><testsuite name="pytest" errors="0" failures="0" skipped="0" tests="14" time="2.914" timestamp="2026-05-02T20:45:53.542581+00:00" hostname="agent-env-2df7d80d-bdd5-429d-bcbc-c0560c5153c8"><testcase classname="backend.tests.test_glowleads_v2.TestNoTestData" name="test_no_test_lead_in_leads" time="0.692" /><testcase classname="backend.tests.test_glowleads_v2.TestNoTestData" name="test_no_test_in_appointments" time="0.050" /><testcase classname="backend.tests.test_glowleads_v2.TestNoTestData" name="test_mia_anderson_present" time="0.249" /><testcase classname="backend.tests.test_glowleads_v2.TestCanadianCities" name="test_sophie_calgary" time="0.047" /><testcase classname="backend.tests.test_glowleads_v2.TestCanadianCities" name="test_agency_clients_canadian" time="0.318" /><testcase classname="backend.tests.test_glowleads_v2.TestAutomations" name="test_get_automations" time="0.052" /><testcase classname="backend.tests.test_glowleads_v2.TestAutomations" name="test_put_automations_persists" time="0.193" /><testcase classname="backend.tests.test_glowleads_v2.TestBookingSmsLogs" name="test_booking_creates_multiple_sms" time="0.655" /><testcase classname="backend.tests.test_glowleads_v2.TestActivityFeed" name="test_activity_has_icons_and_mixed_types" time="0.052" /><testcase classname="backend.tests.test_glowleads_v2.TestLeadTemperature" name="test_leads_have_temperature" time="0.208" /><testcase classname="backend.tests.test_glowleads_v2.TestLeadTemperature" name="test_winback_array_present" time="0.190" /><testcase classname="backend.tests.test_glowleads_v2.TestAuthSession" name="test_verify_token_for_agency" time="0.044" /><testcase classname="backend.tests.test_glowleads_v2.TestAuthSession" name="test_verify_token_for_tech" time="0.046" /><testcase classname="backend.tests.test_glowleads_v2.TestStyleIntelDetail" name="test_dropoff_has_expected_styles" time="0.051" /></testsuite></testsuites>