<?xml version="1.0" encoding="utf-8"?><testsuites name="pytest tests"><testsuite name="pytest" errors="0" failures="1" skipped="0" tests="14" time="44.634" timestamp="2026-05-06T21:30:33.573453+00:00" hostname="agent-env-2df7d80d-bdd5-429d-bcbc-c0560c5153c8"><testcase classname="backend.tests.test_funnel_v3.TestFunnelConfig" name="test_config_structure" time="0.302" /><testcase classname="backend.tests.test_funnel_v3.TestFunnelConfig" name="test_shapes_count_and_fields" time="0.078" /><testcase classname="backend.tests.test_funnel_v3.TestFunnelConfig" name="test_design_groups_total" time="0.103" /><testcase classname="backend.tests.test_funnel_v3.TestFunnelConfig" name="test_color_groups_total" time="0.080" /><testcase classname="backend.tests.test_funnel_v3.TestDetectShape" name="test_detect_shape_with_tiny_image_returns_200" time="3.339" /><testcase classname="backend.tests.test_funnel_v3.TestDetectShape" name="test_detect_shape_with_garbage_returns_200" time="4.512" /><testcase classname="backend.tests.test_funnel_v3.TestTryOn" name="test_try_on_with_design_id" time="23.197" /><testcase classname="backend.tests.test_funnel_v3.TestTryOn" name="test_try_on_legacy_style_id" time="11.889" /><testcase classname="backend.tests.test_funnel_v3.TestTryOn" name="test_try_on_missing_id_returns_400" time="0.073" /><testcase classname="backend.tests.test_funnel_v3.TestLeads" name="test_create_lead_with_design_and_color" time="0.069" /><testcase classname="backend.tests.test_funnel_v3.TestBookings" name="test_create_booking_with_design_color" time="0.074"><failure message="AssertionError: Internal Server Error&#10;assert 500 == 200&#10; +  where 500 = &lt;Response [500]&gt;.status_code">backend/tests/test_funnel_v3.py:154: in test_create_booking_with_design_color
    assert r.status_code == 200, r.text
E   AssertionError: Internal Server Error
E   assert 500 == 200
E    +  where 500 = &lt;Response [500]&gt;.status_code</failure></testcase><testcase classname="backend.tests.test_funnel_v3.TestBookings" name="test_booking_missing_id_returns_400" time="0.064" /><testcase classname="backend.tests.test_funnel_v3.TestRegression" name="test_sophie_login" time="0.294" /><testcase classname="backend.tests.test_funnel_v3.TestRegression" name="test_harry_login" time="0.295" /></testsuite></testsuites>