<?xml version="1.0" encoding="utf-8"?><testsuites name="pytest tests"><testsuite name="pytest" errors="0" failures="0" skipped="0" tests="27" time="14.393" timestamp="2026-05-01T04:58:15.540364+00:00" hostname="agent-env-2df7d80d-bdd5-429d-bcbc-c0560c5153c8"><testcase classname="tests.test_glowleads.TestAuth" name="test_root" time="0.253" /><testcase classname="tests.test_glowleads.TestAuth" name="test_login_tech" time="0.273" /><testcase classname="tests.test_glowleads.TestAuth" name="test_login_agency" time="0.267" /><testcase classname="tests.test_glowleads.TestAuth" name="test_login_bad" time="0.265" /><testcase classname="tests.test_glowleads.TestAuth" name="test_register_creates_tech" time="0.278" /><testcase classname="tests.test_glowleads.TestPublic" name="test_styles_list" time="0.049" /><testcase classname="tests.test_glowleads.TestPublic" name="test_public_tech_sophie" time="0.131" /><testcase classname="tests.test_glowleads.TestPublic" name="test_public_tech_404" time="0.047" /><testcase classname="tests.test_glowleads.TestAI" name="test_detect_no_500" time="6.608" /><testcase classname="tests.test_glowleads.TestAI" name="test_tryon_no_500" time="4.398" /><testcase classname="tests.test_glowleads.TestAI" name="test_tryon_bad_style" time="0.058" /><testcase classname="tests.test_glowleads.TestLeadBooking" name="test_create_lead_and_booking" time="0.128" /><testcase classname="tests.test_glowleads.TestTech" name="test_stats" time="0.321" /><testcase classname="tests.test_glowleads.TestTech" name="test_appointments_list" time="0.054" /><testcase classname="tests.test_glowleads.TestTech" name="test_leads_list" time="0.051" /><testcase classname="tests.test_glowleads.TestTech" name="test_styles_list" time="0.048" /><testcase classname="tests.test_glowleads.TestTech" name="test_update_appt_status" time="0.100" /><testcase classname="tests.test_glowleads.TestTech" name="test_update_styles" time="0.101" /><testcase classname="tests.test_glowleads.TestTech" name="test_followup" time="0.137" /><testcase classname="tests.test_glowleads.TestTech" name="test_tech_endpoint_rejects_agency" time="0.318" /><testcase classname="tests.test_glowleads.TestAgency" name="test_overview" time="0.049" /><testcase classname="tests.test_glowleads.TestAgency" name="test_clients" time="0.047" /><testcase classname="tests.test_glowleads.TestAgency" name="test_analytics" time="0.073" /><testcase classname="tests.test_glowleads.TestAgency" name="test_style_intel" time="0.055" /><testcase classname="tests.test_glowleads.TestAgency" name="test_billing" time="0.044" /><testcase classname="tests.test_glowleads.TestAgency" name="test_agency_endpoint_rejects_tech" time="0.051" /><testcase classname="tests.test_glowleads.TestAgency" name="test_missing_token" time="0.043" /></testsuite></testsuites>